[1001/135300.473:ERROR:process_reader_win.cc(142)] SuspendThread: Eriþim engellendi. (0x5)
[1001/135300.473:ERROR:exception_snapshot_win.cc(87)] thread ID 7448 not found in process
[1001/135300.473:WARNING:crash_report_exception_handler.cc(60)] ProcessSnapshotWin::Initialize failed
[1001/135300.473:ERROR:scoped_process_suspend.cc(38)] NtResumeProcess: Sona ermekte olan bir iþleme eriþmeye çalýþýldý.  (0xc000010a)
[1001/141410.931:ERROR:process_info.cc(343)] VirtualQueryEx: Eriþim engellendi. (0x5)
[1001/141410.931:ERROR:process_info.cc(564)] ReadMemoryInfo failed
[1001/141410.936:ERROR:process_reader_win.cc(99)] process 3964 not found
[1001/141410.936:ERROR:exception_snapshot_win.cc(87)] thread ID 0 not found in process
[1001/141410.936:WARNING:crash_report_exception_handler.cc(60)] ProcessSnapshotWin::Initialize failed
[1001/141410.936:ERROR:scoped_process_suspend.cc(38)] NtResumeProcess: Sona ermekte olan bir iþleme eriþmeye çalýþýldý.  (0xc000010a)
[1001/141920.376:ERROR:process_info.cc(343)] VirtualQueryEx: Eriþim engellendi. (0x5)
[1001/141920.376:ERROR:process_info.cc(564)] ReadMemoryInfo failed
[1001/141920.376:ERROR:process_reader_win.cc(233)] ReadMemory at 0x72177de4 of 12 bytes failed: ReadProcessMemory veya WriteProcessMemory isteðinin sadece bir parçasý tamamlandý. (0x12B)
[1001/141920.376:WARNING:process_snapshot_win.cc(68)] ReadMemory ExceptionInformation failed
[1001/141920.376:WARNING:crash_report_exception_handler.cc(60)] ProcessSnapshotWin::Initialize failed
[1001/141920.376:ERROR:scoped_process_suspend.cc(38)] NtResumeProcess: Sona ermekte olan bir iþleme eriþmeye çalýþýldý.  (0xc000010a)
[1002/155128.124:ERROR:process_info.cc(343)] VirtualQueryEx: Eriþim engellendi. (0x5)
[1002/155128.171:ERROR:process_info.cc(564)] ReadMemoryInfo failed
[1002/155128.171:ERROR:process_reader_win.cc(233)] ReadMemory at 0x817de4 of 12 bytes failed: ReadProcessMemory veya WriteProcessMemory isteðinin sadece bir parçasý tamamlandý. (0x12B)
[1002/155128.171:WARNING:process_snapshot_win.cc(68)] ReadMemory ExceptionInformation failed
[1002/155128.171:WARNING:crash_report_exception_handler.cc(60)] ProcessSnapshotWin::Initialize failed
[1002/155128.171:ERROR:scoped_process_suspend.cc(38)] NtResumeProcess: Sona ermekte olan bir iþleme eriþmeye çalýþýldý.  (0xc000010a)
